#-----------------------------------------------------------
# Vivado v2018.3 (64-bit)
# SW Build 2405991 on Thu Dec  6 23:38:27 MST 2018
# IP Build 2404404 on Fri Dec  7 01:43:56 MST 2018
# Start of session at: Mon Dec 23 23:24:18 2019
# Process ID: 19596
# Current directory: C:/Users/1/Desktop/mCPU
# Command line: vivado.exe -gui_launcher_event rodinguilauncherevent18288 C:\Users\1\Desktop\mCPU\mCPU.xpr
# Log file: C:/Users/1/Desktop/mCPU/vivado.log
# Journal file: C:/Users/1/Desktop/mCPU\vivado.jou
#-----------------------------------------------------------
start_gui
open_project C:/Users/1/Desktop/mCPU/mCPU.xpr
Scanning sources...
Finished scanning sources
INFO: [IP_Flow 19-234] Refreshing IP repositories
INFO: [IP_Flow 19-1704] No user IP repositories specified
INFO: [IP_Flow 19-2313] Loaded Vivado IP repository 'D:/my_homework/VIVADO/Vivado/2018.3/data/ip'.
open_project: Time (s): cpu = 00:00:14 ; elapsed = 00:00:08 . Memory (MB): peak = 791.543 ; gain = 159.156
update_compile_order -fileset sources_1
launch_simulation
INFO: [Vivado 12-5682] Launching behavioral simulation in 'C:/Users/1/Desktop/mCPU/mCPU.sim/sim_1/behav/xsim'
INFO: [SIM-utils-51] Simulation object is 'sim_1'
INFO: [SIM-utils-54] Inspecting design source files for 'sim' in fileset 'sim_1'...
INFO: [USF-XSim-97] Finding global include files...
INFO: [USF-XSim-98] Fetching design files from 'sim_1'...
INFO: [USF-XSim-2] XSim::Compile design
INFO: [USF-XSim-61] Executing 'COMPILE and ANALYZE' step in 'C:/Users/1/Desktop/mCPU/mCPU.sim/sim_1/behav/xsim'
"xvlog --incr --relax -prj sim_vlog.prj"
INFO: [VRFC 10-2263] Analyzing Verilog file "C:/Users/1/Desktop/mCPU/mCPU.srcs/sources_1/new/ALU.v" into library xil_defaultlib
INFO: [VRFC 10-311] analyzing module ALU
INFO: [VRFC 10-2263] Analyzing Verilog file "C:/Users/1/Desktop/mCPU/mCPU.srcs/sources_1/new/Adder.v" into library xil_defaultlib
INFO: [VRFC 10-311] analyzing module Adder
INFO: [VRFC 10-2263] Analyzing Verilog file "C:/Users/1/Desktop/mCPU/mCPU.srcs/sources_1/new/ControlUnit.v" into library xil_defaultlib
INFO: [VRFC 10-311] analyzing module ControlUnit
INFO: [VRFC 10-2263] Analyzing Verilog file "C:/Users/1/Desktop/mCPU/mCPU.srcs/sources_1/new/DataMem.v" into library xil_defaultlib
INFO: [VRFC 10-311] analyzing module DataMem
INFO: [VRFC 10-2263] Analyzing Verilog file "C:/Users/1/Desktop/mCPU/mCPU.srcs/sources_1/new/Extend.v" into library xil_defaultlib
INFO: [VRFC 10-311] analyzing module Extend
INFO: [VRFC 10-2263] Analyzing Verilog file "C:/Users/1/Desktop/mCPU/mCPU.srcs/sources_1/new/InsMem.v" into library xil_defaultlib
INFO: [VRFC 10-311] analyzing module InsMem
INFO: [VRFC 10-2263] Analyzing Verilog file "C:/Users/1/Desktop/mCPU/mCPU.srcs/sources_1/new/LeftShift.v" into library xil_defaultlib
INFO: [VRFC 10-311] analyzing module LeftShift_2
INFO: [VRFC 10-2263] Analyzing Verilog file "C:/Users/1/Desktop/mCPU/mCPU.srcs/sources_1/new/Mux_2.v" into library xil_defaultlib
INFO: [VRFC 10-311] analyzing module Mux_2
INFO: [VRFC 10-2263] Analyzing Verilog file "C:/Users/1/Desktop/mCPU/mCPU.srcs/sources_1/new/Mux_3.v" into library xil_defaultlib
INFO: [VRFC 10-311] analyzing module Mux_3
INFO: [VRFC 10-2263] Analyzing Verilog file "C:/Users/1/Desktop/mCPU/mCPU.srcs/sources_1/new/Mux_4.v" into library xil_defaultlib
INFO: [VRFC 10-311] analyzing module Mux_4
INFO: [VRFC 10-2263] Analyzing Verilog file "C:/Users/1/Desktop/mCPU/mCPU.srcs/sources_1/new/PC.v" into library xil_defaultlib
INFO: [VRFC 10-311] analyzing module PC
INFO: [VRFC 10-2263] Analyzing Verilog file "C:/Users/1/Desktop/mCPU/mCPU.srcs/sources_1/new/RegisterFile.v" into library xil_defaultlib
INFO: [VRFC 10-311] analyzing module RegisterFile
INFO: [VRFC 10-2263] Analyzing Verilog file "C:/Users/1/Desktop/mCPU/mCPU.srcs/sources_1/new/mCPU.v" into library xil_defaultlib
INFO: [VRFC 10-311] analyzing module mCPU
INFO: [VRFC 10-2458] undeclared symbol RegWre, assumed default net type wire [C:/Users/1/Desktop/mCPU/mCPU.srcs/sources_1/new/mCPU.v:41]
INFO: [VRFC 10-2263] Analyzing Verilog file "C:/Users/1/Desktop/mCPU/mCPU.srcs/sources_1/new/tempReg.v" into library xil_defaultlib
INFO: [VRFC 10-311] analyzing module tempReg
INFO: [VRFC 10-2263] Analyzing Verilog file "C:/Users/1/Desktop/mCPU/mCPU.srcs/sim_1/new/sim.v" into library xil_defaultlib
INFO: [VRFC 10-311] analyzing module sim
INFO: [USF-XSim-69] 'compile' step finished in '1' seconds
INFO: [USF-XSim-3] XSim::Elaborate design
INFO: [USF-XSim-61] Executing 'ELABORATE' step in 'C:/Users/1/Desktop/mCPU/mCPU.sim/sim_1/behav/xsim'
Vivado Simulator 2018.3
Copyright 1986-1999, 2001-2018 Xilinx, Inc. All Rights Reserved.
Running: D:/my_homework/VIVADO/Vivado/2018.3/bin/unwrapped/win64.o/xelab.exe -wto 4cbe17d633e94c7d9673dfb7d43fe684 --incr --debug typical --relax --mt 2 -L xil_defaultlib -L unisims_ver -L unimacro_ver -L secureip --snapshot sim_behav xil_defaultlib.sim xil_defaultlib.glbl -log elaborate.log 
Using 2 slave threads.
Starting static elaboration
WARNING: [VRFC 10-3091] actual bit length 5 differs from formal bit length 32 for port 'in1' [C:/Users/1/Desktop/mCPU/mCPU.srcs/sources_1/new/mCPU.v:39]
Completed static elaboration
Starting simulation data flow analysis
Completed simulation data flow analysis
Time Resolution for simulation is 1ps
Compiling module xil_defaultlib.PC
Compiling module xil_defaultlib.InsMem
Compiling module xil_defaultlib.tempReg
Compiling module xil_defaultlib.Adder
Compiling module xil_defaultlib.Mux_3
Compiling module xil_defaultlib.Mux_2
Compiling module xil_defaultlib.RegisterFile
Compiling module xil_defaultlib.Extend
Compiling module xil_defaultlib.ALU
Compiling module xil_defaultlib.DataMem
Compiling module xil_defaultlib.LeftShift_2
Compiling module xil_defaultlib.Mux_4
Compiling module xil_defaultlib.ControlUnit
Compiling module xil_defaultlib.mCPU
Compiling module xil_defaultlib.sim
Compiling module xil_defaultlib.glbl
Built simulation snapshot sim_behav

****** Webtalk v2018.3 (64-bit)
  **** SW Build 2405991 on Thu Dec  6 23:38:27 MST 2018
  **** IP Build 2404404 on Fri Dec  7 01:43:56 MST 2018
    ** Copyright 1986-2018 Xilinx, Inc. All Rights Reserved.

source C:/Users/1/Desktop/mCPU/mCPU.sim/sim_1/behav/xsim/xsim.dir/sim_behav/webtalk/xsim_webtalk.tcl -notrace
webtalk_transmit: Time (s): cpu = 00:00:00 ; elapsed = 00:00:06 . Memory (MB): peak = 84.563 ; gain = 1.195
INFO: [Common 17-206] Exiting Webtalk at Mon Dec 23 23:24:58 2019...
run_program: Time (s): cpu = 00:00:00 ; elapsed = 00:00:09 . Memory (MB): peak = 872.727 ; gain = 0.000
INFO: [USF-XSim-69] 'elaborate' step finished in '9' seconds
INFO: [USF-XSim-4] XSim::Simulate design
INFO: [USF-XSim-61] Executing 'SIMULATE' step in 'C:/Users/1/Desktop/mCPU/mCPU.sim/sim_1/behav/xsim'
INFO: [USF-XSim-98] *** Running xsim
   with args "sim_behav -key {Behavioral:sim_1:Functional:sim} -tclbatch {sim.tcl} -log {simulate.log}"
INFO: [USF-XSim-8] Loading simulator feature
Vivado Simulator 2018.3
Time resolution is 1 ps
source sim.tcl
# set curr_wave [current_wave_config]
# if { [string length $curr_wave] == 0 } {
#   if { [llength [get_objects]] > 0} {
#     add_wave /
#     set_property needs_save false [current_wave_config]
#   } else {
#      send_msg_id Add_Wave-1 WARNING "No top level signals found. Simulator will start without a wave window. If you want to open a wave window go to 'File->New Waveform Configuration' or type 'create_wave_config' in the TCL console."
#   }
# }
# run 13000ns
INFO: [USF-XSim-96] XSim completed. Design snapshot 'sim_behav' loaded.
INFO: [USF-XSim-97] XSim simulation ran for 13000ns
launch_simulation: Time (s): cpu = 00:00:08 ; elapsed = 00:00:14 . Memory (MB): peak = 901.949 ; gain = 29.223
open_run impl_1
INFO: [Netlist 29-17] Analyzing 1781 Unisim elements for replacement
INFO: [Netlist 29-28] Unisim Transformation completed in 0 CPU seconds
INFO: [Project 1-479] Netlist was created with Vivado 2018.3
INFO: [Device 21-403] Loading part xc7a35tcpg236-1
INFO: [Common 17-41] Interrupt caught. Command should exit soon.
open_run: Time (s): cpu = 00:00:05 ; elapsed = 00:00:06 . Memory (MB): peak = 1064.055 ; gain = 157.422
INFO: [Common 17-344] 'open_run' was cancelled
open_hw
connect_hw_server
INFO: [Labtools 27-2285] Connecting to hw_server url TCP:localhost:3121
INFO: [Labtools 27-2222] Launching hw_server...
INFO: [Labtools 27-2221] Launch Output:

****** Xilinx hw_server v2018.3
  **** Build date : Dec  7 2018-00:40:27
    ** Copyright 1986-2018 Xilinx, Inc. All Rights Reserved.


open_hw_target
INFO: [Labtoolstcl 44-466] Opening hw_target localhost:3121/xilinx_tcf/Digilent/210183A2852DA
set_property PROGRAM.FILE {C:/Users/1/Desktop/mCPU/mCPU.runs/impl_1/Hard_CPU.bit} [get_hw_devices xc7a35t_0]
current_hw_device [get_hw_devices xc7a35t_0]
refresh_hw_device -update_hw_probes false [lindex [get_hw_devices xc7a35t_0] 0]
INFO: [Labtools 27-1434] Device xc7a35t (JTAG device index = 0) is programmed with a design that has no supported debug core(s) in it.
create_hw_cfgmem -hw_device [get_hw_devices xc7a35t_0] -mem_dev [lindex [get_cfgmem_parts {s25fl032p-spi-x1_x2_x4}] 0]
set_property PROBES.FILE {} [get_hw_devices xc7a35t_0]
set_property FULL_PROBES.FILE {} [get_hw_devices xc7a35t_0]
set_property PROGRAM.FILE {C:/Users/1/Desktop/mCPU/mCPU.runs/impl_1/Hard_CPU.bit} [get_hw_devices xc7a35t_0]
program_hw_devices [get_hw_devices xc7a35t_0]
INFO: [Labtools 27-3164] End of startup status: HIGH
refresh_hw_device [lindex [get_hw_devices xc7a35t_0] 0]
INFO: [Labtools 27-1434] Device xc7a35t (JTAG device index = 0) is programmed with a design that has no supported debug core(s) in it.
close_hw
open_hw
connect_hw_server
INFO: [Labtools 27-2285] Connecting to hw_server url TCP:localhost:3121
INFO: [Labtools 27-2222] Launching hw_server...
INFO: [Labtools 27-2221] Launch Output:

****** Xilinx hw_server v2018.3
  **** Build date : Dec  7 2018-00:40:27
    ** Copyright 1986-2018 Xilinx, Inc. All Rights Reserved.


open_hw_target
INFO: [Labtoolstcl 44-466] Opening hw_target localhost:3121/xilinx_tcf/Digilent/210183A2852DA
set_property PROGRAM.FILE {C:/Users/1/Desktop/mCPU/mCPU.runs/impl_1/Hard_CPU.bit} [get_hw_devices xc7a35t_0]
current_hw_device [get_hw_devices xc7a35t_0]
refresh_hw_device -update_hw_probes false [lindex [get_hw_devices xc7a35t_0] 0]
INFO: [Labtools 27-1434] Device xc7a35t (JTAG device index = 0) is programmed with a design that has no supported debug core(s) in it.
create_hw_cfgmem -hw_device [get_hw_devices xc7a35t_0] -mem_dev [lindex [get_cfgmem_parts {s25fl032p-spi-x1_x2_x4}] 0]
set_property PROBES.FILE {} [get_hw_devices xc7a35t_0]
set_property FULL_PROBES.FILE {} [get_hw_devices xc7a35t_0]
set_property PROGRAM.FILE {C:/Users/1/Desktop/mCPU/mCPU.runs/impl_1/Hard_CPU.bit} [get_hw_devices xc7a35t_0]
program_hw_devices [get_hw_devices xc7a35t_0]
INFO: [Labtools 27-3164] End of startup status: HIGH
refresh_hw_device [lindex [get_hw_devices xc7a35t_0] 0]
INFO: [Labtools 27-1434] Device xc7a35t (JTAG device index = 0) is programmed with a design that has no supported debug core(s) in it.
set_property PROBES.FILE {} [get_hw_devices xc7a35t_0]
set_property FULL_PROBES.FILE {} [get_hw_devices xc7a35t_0]
set_property PROGRAM.FILE {C:/Users/1/Desktop/mCPU/mCPU.runs/impl_1/Hard_CPU.bin} [get_hw_devices xc7a35t_0]
program_hw_devices [get_hw_devices xc7a35t_0]
INFO: [Labtools 27-3164] End of startup status: HIGH
refresh_hw_device [lindex [get_hw_devices xc7a35t_0] 0]
INFO: [Labtools 27-1434] Device xc7a35t (JTAG device index = 0) is programmed with a design that has no supported debug core(s) in it.
ERROR: [Labtoolstcl 44-513] HW Target shutdown. Closing target: localhost:3121/xilinx_tcf/Digilent/210183A2852DA
INFO: [Labtoolstcl 44-466] Opening hw_target localhost:3121/xilinx_tcf/Digilent/210183A2852DA
INFO: [Labtools 27-1435] Device xc7a35t (JTAG device index = 0) is not programmed (DONE status = 0).
WARNING: [Labtoolstcl 44-129] No matching hw_ila_data was found.
ERROR: [Labtoolstcl 44-513] HW Target shutdown. Closing target: localhost:3121/xilinx_tcf/Digilent/210183A2852DA
close_hw
reset_run impl_1 -prev_step 
launch_runs impl_1 -to_step write_bitstream -jobs 4
[Mon Dec 23 23:51:41 2019] Launched impl_1...
Run output will be captured here: C:/Users/1/Desktop/mCPU/mCPU.runs/impl_1/runme.log
open_hw
connect_hw_server
INFO: [Labtools 27-2285] Connecting to hw_server url TCP:localhost:3121
INFO: [Labtools 27-2222] Launching hw_server...
INFO: [Labtools 27-2221] Launch Output:

****** Xilinx hw_server v2018.3
  **** Build date : Dec  7 2018-00:40:27
    ** Copyright 1986-2018 Xilinx, Inc. All Rights Reserved.


open_hw_target
INFO: [Labtoolstcl 44-466] Opening hw_target localhost:3121/xilinx_tcf/Digilent/210183A2852DA
set_property PROGRAM.FILE {C:/Users/1/Desktop/mCPU/mCPU.runs/impl_1/Hard_CPU.bin} [get_hw_devices xc7a35t_0]
current_hw_device [get_hw_devices xc7a35t_0]
refresh_hw_device -update_hw_probes false [lindex [get_hw_devices xc7a35t_0] 0]
INFO: [Labtools 27-1434] Device xc7a35t (JTAG device index = 0) is programmed with a design that has no supported debug core(s) in it.
create_hw_cfgmem -hw_device [get_hw_devices xc7a35t_0] -mem_dev [lindex [get_cfgmem_parts {s25fl032p-spi-x1_x2_x4}] 0]
set_property PROBES.FILE {} [get_hw_devices xc7a35t_0]
set_property FULL_PROBES.FILE {} [get_hw_devices xc7a35t_0]
set_property PROGRAM.FILE {C:/Users/1/Desktop/mCPU/mCPU.runs/impl_1/Hard_CPU.bin} [get_hw_devices xc7a35t_0]
program_hw_devices [get_hw_devices xc7a35t_0]
INFO: [Labtools 27-3164] End of startup status: HIGH
refresh_hw_device [lindex [get_hw_devices xc7a35t_0] 0]
INFO: [Labtools 27-1434] Device xc7a35t (JTAG device index = 0) is programmed with a design that has no supported debug core(s) in it.
set_property PROBES.FILE {} [get_hw_devices xc7a35t_0]
set_property FULL_PROBES.FILE {} [get_hw_devices xc7a35t_0]
set_property PROGRAM.FILE {C:/Users/1/Desktop/mCPU/mCPU.runs/impl_1/Hard_CPU.bin} [get_hw_devices xc7a35t_0]
program_hw_devices [get_hw_devices xc7a35t_0]
INFO: [Labtools 27-3164] End of startup status: HIGH
refresh_hw_device [lindex [get_hw_devices xc7a35t_0] 0]
INFO: [Labtools 27-1434] Device xc7a35t (JTAG device index = 0) is programmed with a design that has no supported debug core(s) in it.
refresh_hw_device [lindex [get_hw_devices xc7a35t_0] 0]
INFO: [Labtools 27-1434] Device xc7a35t (JTAG device index = 0) is programmed with a design that has no supported debug core(s) in it.
set_property PROBES.FILE {} [get_hw_devices xc7a35t_0]
set_property FULL_PROBES.FILE {} [get_hw_devices xc7a35t_0]
set_property PROGRAM.FILE {C:/Users/1/Desktop/mCPU/mCPU.runs/impl_1/Hard_CPU.bin} [get_hw_devices xc7a35t_0]
program_hw_devices [get_hw_devices xc7a35t_0]
INFO: [Labtools 27-3164] End of startup status: HIGH
refresh_hw_device [lindex [get_hw_devices xc7a35t_0] 0]
INFO: [Labtools 27-1434] Device xc7a35t (JTAG device index = 0) is programmed with a design that has no supported debug core(s) in it.
close_hw
open_hw
connect_hw_server
INFO: [Labtools 27-2285] Connecting to hw_server url TCP:localhost:3121
INFO: [Labtools 27-2222] Launching hw_server...
INFO: [Labtools 27-2221] Launch Output:

****** Xilinx hw_server v2018.3
  **** Build date : Dec  7 2018-00:40:27
    ** Copyright 1986-2018 Xilinx, Inc. All Rights Reserved.


open_hw_target
INFO: [Labtoolstcl 44-466] Opening hw_target localhost:3121/xilinx_tcf/Digilent/210183A2852DA
set_property PROGRAM.FILE {C:/Users/1/Desktop/mCPU/mCPU.runs/impl_1/Hard_CPU.bin} [get_hw_devices xc7a35t_0]
current_hw_device [get_hw_devices xc7a35t_0]
refresh_hw_device -update_hw_probes false [lindex [get_hw_devices xc7a35t_0] 0]
INFO: [Labtools 27-1434] Device xc7a35t (JTAG device index = 0) is programmed with a design that has no supported debug core(s) in it.
create_hw_cfgmem -hw_device [get_hw_devices xc7a35t_0] -mem_dev [lindex [get_cfgmem_parts {s25fl032p-spi-x1_x2_x4}] 0]
close_hw
close_sim
INFO: [Simtcl 6-16] Simulation closed
close_sim: Time (s): cpu = 00:00:01 ; elapsed = 00:00:06 . Memory (MB): peak = 2111.410 ; gain = 0.000
exit
INFO: [Common 17-206] Exiting Vivado at Tue Dec 24 00:04:48 2019...
