#-----------------------------------------------------------
# Vivado v2018.3 (64-bit)
# SW Build 2405991 on Thu Dec  6 23:38:27 MST 2018
# IP Build 2404404 on Fri Dec  7 01:43:56 MST 2018
# Start of session at: Tue Dec 24 19:21:15 2019
# Process ID: 7608
# Current directory: C:/Users/1/Desktop/mCPU
# Command line: vivado.exe -gui_launcher_event rodinguilauncherevent10728 C:\Users\1\Desktop\mCPU\mCPU.xpr
# Log file: C:/Users/1/Desktop/mCPU/vivado.log
# Journal file: C:/Users/1/Desktop/mCPU\vivado.jou
#-----------------------------------------------------------
start_gui
open_project C:/Users/1/Desktop/mCPU/mCPU.xpr
Scanning sources...
Finished scanning sources
INFO: [IP_Flow 19-234] Refreshing IP repositories
INFO: [IP_Flow 19-1704] No user IP repositories specified
INFO: [IP_Flow 19-2313] Loaded Vivado IP repository 'D:/my_homework/VIVADO/Vivado/2018.3/data/ip'.
open_project: Time (s): cpu = 00:00:34 ; elapsed = 00:00:17 . Memory (MB): peak = 792.813 ; gain = 172.887
update_compile_order -fileset sources_1
reset_run synth_1
launch_runs synth_1 -jobs 4
[Tue Dec 24 20:00:01 2019] Launched synth_1...
Run output will be captured here: C:/Users/1/Desktop/mCPU/mCPU.runs/synth_1/runme.log
launch_runs impl_1 -jobs 4
[Tue Dec 24 20:08:11 2019] Launched impl_1...
Run output will be captured here: C:/Users/1/Desktop/mCPU/mCPU.runs/impl_1/runme.log
open_run impl_1
INFO: [Netlist 29-17] Analyzing 1413 Unisim elements for replacement
INFO: [Netlist 29-28] Unisim Transformation completed in 0 CPU seconds
INFO: [Project 1-479] Netlist was created with Vivado 2018.3
INFO: [Device 21-403] Loading part xc7a35tcpg236-1
INFO: [Project 1-570] Preparing netlist for logic optimization
INFO: [Common 17-41] Interrupt caught. Command should exit soon.
INFO: [Timing 38-478] Restoring timing data from binary archive.
INFO: [Timing 38-479] Binary timing data restore complete.
INFO: [Project 1-856] Restoring constraints from binary archive.
INFO: [Project 1-853] Binary constraint restore complete.
Reading XDEF placement.
Reading placer database...
Reading XDEF routing.
Restored from archive | CPU: 0.000000 secs | Memory: 0.000000 MB |
Finished XDEF File Restore: Time (s): cpu = 00:00:00 ; elapsed = 00:00:00.569 . Memory (MB): peak = 1711.422 ; gain = 0.000
open_run: Time (s): cpu = 00:00:32 ; elapsed = 00:00:25 . Memory (MB): peak = 1711.422 ; gain = 859.234
INFO: [Common 17-344] 'open_run' was cancelled
launch_runs impl_1 -to_step write_bitstream -jobs 4
[Tue Dec 24 20:16:08 2019] Launched impl_1...
Run output will be captured here: C:/Users/1/Desktop/mCPU/mCPU.runs/impl_1/runme.log
open_hw
connect_hw_server
INFO: [Labtools 27-2285] Connecting to hw_server url TCP:localhost:3121
INFO: [Labtools 27-2222] Launching hw_server...
INFO: [Labtools 27-2221] Launch Output:

****** Xilinx hw_server v2018.3
  **** Build date : Dec  7 2018-00:40:27
    ** Copyright 1986-2018 Xilinx, Inc. All Rights Reserved.


open_hw_target
INFO: [Labtoolstcl 44-466] Opening hw_target localhost:3121/xilinx_tcf/Digilent/210183A2852DA
set_property PROGRAM.FILE {C:/Users/1/Desktop/mCPU/mCPU.runs/impl_1/Hard_CPU.bit} [get_hw_devices xc7a35t_0]
current_hw_device [get_hw_devices xc7a35t_0]
refresh_hw_device -update_hw_probes false [lindex [get_hw_devices xc7a35t_0] 0]
INFO: [Labtools 27-1434] Device xc7a35t (JTAG device index = 0) is programmed with a design that has no supported debug core(s) in it.
create_hw_cfgmem -hw_device [get_hw_devices xc7a35t_0] -mem_dev [lindex [get_cfgmem_parts {s25fl032p-spi-x1_x2_x4}] 0]
set_property PROBES.FILE {} [get_hw_devices xc7a35t_0]
set_property FULL_PROBES.FILE {} [get_hw_devices xc7a35t_0]
set_property PROGRAM.FILE {C:/Users/1/Desktop/mCPU/mCPU.runs/impl_1/Hard_CPU.bit} [get_hw_devices xc7a35t_0]
program_hw_devices [get_hw_devices xc7a35t_0]
INFO: [Labtools 27-3164] End of startup status: HIGH
refresh_hw_device [lindex [get_hw_devices xc7a35t_0] 0]
INFO: [Labtools 27-1434] Device xc7a35t (JTAG device index = 0) is programmed with a design that has no supported debug core(s) in it.
set_property PROGRAM.ADDRESS_RANGE  {use_file} [ get_property PROGRAM.HW_CFGMEM [lindex [get_hw_devices xc7a35t_0] 0]]
set_property PROGRAM.FILES [list "C:/Users/1/Desktop/mCPU/mCPU.runs/impl_1/Hard_CPU.bin" ] [ get_property PROGRAM.HW_CFGMEM [lindex [get_hw_devices xc7a35t_0] 0]]
set_property PROGRAM.PRM_FILE {} [ get_property PROGRAM.HW_CFGMEM [lindex [get_hw_devices xc7a35t_0] 0]]
set_property PROGRAM.UNUSED_PIN_TERMINATION {pull-none} [ get_property PROGRAM.HW_CFGMEM [lindex [get_hw_devices xc7a35t_0] 0]]
set_property PROGRAM.BLANK_CHECK  0 [ get_property PROGRAM.HW_CFGMEM [lindex [get_hw_devices xc7a35t_0] 0]]
set_property PROGRAM.ERASE  1 [ get_property PROGRAM.HW_CFGMEM [lindex [get_hw_devices xc7a35t_0] 0]]
set_property PROGRAM.CFG_PROGRAM  1 [ get_property PROGRAM.HW_CFGMEM [lindex [get_hw_devices xc7a35t_0] 0]]
set_property PROGRAM.VERIFY  1 [ get_property PROGRAM.HW_CFGMEM [lindex [get_hw_devices xc7a35t_0] 0]]
set_property PROGRAM.CHECKSUM  0 [ get_property PROGRAM.HW_CFGMEM [lindex [get_hw_devices xc7a35t_0] 0]]
startgroup 
create_hw_bitstream -hw_device [lindex [get_hw_devices xc7a35t_0] 0] [get_property PROGRAM.HW_CFGMEM_BITFILE [ lindex [get_hw_devices xc7a35t_0] 0]]; program_hw_devices [lindex [get_hw_devices xc7a35t_0] 0]; refresh_hw_device [lindex [get_hw_devices xc7a35t_0] 0];
INFO: [Labtools 27-3164] End of startup status: HIGH
INFO: [Labtools 27-2302] Device xc7a35t (JTAG device index = 0) is programmed with a design that has 1 SPI core(s).
program_hw_cfgmem -hw_cfgmem [ get_property PROGRAM.HW_CFGMEM [lindex [get_hw_devices xc7a35t_0] 0]]
Mfg ID : 1   Memory Type : 2   Memory Capacity : 15   Device ID 1 : 0   Device ID 2 : 0
Performing Erase Operation...
Erase Operation successful.
Performing Program and Verify Operations...
Program/Verify Operation successful.
INFO: [Labtoolstcl 44-377] Flash programming completed successfully
program_hw_cfgmem: Time (s): cpu = 00:00:02 ; elapsed = 00:00:55 . Memory (MB): peak = 2494.109 ; gain = 0.000
endgroup
ERROR: [Labtoolstcl 44-513] HW Target shutdown. Closing target: localhost:3121/xilinx_tcf/Digilent/210183A2852DA
INFO: [Labtoolstcl 44-466] Opening hw_target localhost:3121/xilinx_tcf/Digilent/210183A2852DA
INFO: [Labtools 27-1435] Device xc7a35t (JTAG device index = 0) is not programmed (DONE status = 0).
WARNING: [Labtoolstcl 44-129] No matching hw_ila_data was found.
ERROR: [Labtoolstcl 44-513] HW Target shutdown. Closing target: localhost:3121/xilinx_tcf/Digilent/210183A2852DA
INFO: [Labtoolstcl 44-466] Opening hw_target localhost:3121/xilinx_tcf/Digilent/210183A2852DA
INFO: [Labtools 27-1435] Device xc7a35t (JTAG device index = 0) is not programmed (DONE status = 0).
WARNING: [Labtoolstcl 44-129] No matching hw_ila_data was found.
ERROR: [Labtoolstcl 44-513] HW Target shutdown. Closing target: localhost:3121/xilinx_tcf/Digilent/210183A2852DA
close_hw
