#-----------------------------------------------------------
# Vivado v2018.3 (64-bit)
# SW Build 2405991 on Thu Dec  6 23:38:27 MST 2018
# IP Build 2404404 on Fri Dec  7 01:43:56 MST 2018
# Start of session at: Wed Dec 18 19:49:45 2019
# Process ID: 3084
# Current directory: C:/Users/1/Desktop/mCPU
# Command line: vivado.exe -gui_launcher_event rodinguilauncherevent12576 C:\Users\1\Desktop\mCPU\mCPU.xpr
# Log file: C:/Users/1/Desktop/mCPU/vivado.log
# Journal file: C:/Users/1/Desktop/mCPU\vivado.jou
#-----------------------------------------------------------
start_gui
open_project C:/Users/1/Desktop/mCPU/mCPU.xpr
INFO: [Project 1-313] Project file moved from 'F:/OneDrive/mCPU/mCPU' since last save.
Scanning sources...
Finished scanning sources
INFO: [Project 1-230] Project 'mCPU.xpr' upgraded for this version of Vivado.
INFO: [IP_Flow 19-234] Refreshing IP repositories
INFO: [IP_Flow 19-1704] No user IP repositories specified
INFO: [IP_Flow 19-2313] Loaded Vivado IP repository 'D:/my_homework/VIVADO/Vivado/2018.3/data/ip'.
open_project: Time (s): cpu = 00:00:21 ; elapsed = 00:00:11 . Memory (MB): peak = 808.652 ; gain = 185.484
update_compile_order -fileset sources_1
launch_simulation
INFO: [Vivado 12-5682] Launching behavioral simulation in 'C:/Users/1/Desktop/mCPU/mCPU.sim/sim_1/behav/xsim'
INFO: [SIM-utils-51] Simulation object is 'sim_1'
INFO: [SIM-utils-54] Inspecting design source files for 'sim' in fileset 'sim_1'...
INFO: [USF-XSim-97] Finding global include files...
INFO: [USF-XSim-98] Fetching design files from 'sim_1'...
INFO: [USF-XSim-2] XSim::Compile design
INFO: [USF-XSim-61] Executing 'COMPILE and ANALYZE' step in 'C:/Users/1/Desktop/mCPU/mCPU.sim/sim_1/behav/xsim'
"xvlog --incr --relax -prj sim_vlog.prj"
INFO: [VRFC 10-2263] Analyzing Verilog file "C:/Users/1/Desktop/mCPU/mCPU.srcs/sources_1/new/ALU.v" into library xil_defaultlib
INFO: [VRFC 10-311] analyzing module ALU
INFO: [VRFC 10-2263] Analyzing Verilog file "C:/Users/1/Desktop/mCPU/mCPU.srcs/sources_1/new/Adder.v" into library xil_defaultlib
INFO: [VRFC 10-311] analyzing module Adder
INFO: [VRFC 10-2263] Analyzing Verilog file "C:/Users/1/Desktop/mCPU/mCPU.srcs/sources_1/new/ControlUnit.v" into library xil_defaultlib
INFO: [VRFC 10-311] analyzing module ControlUnit
INFO: [VRFC 10-2263] Analyzing Verilog file "C:/Users/1/Desktop/mCPU/mCPU.srcs/sources_1/new/DataMem.v" into library xil_defaultlib
INFO: [VRFC 10-311] analyzing module DataMem
INFO: [VRFC 10-2263] Analyzing Verilog file "C:/Users/1/Desktop/mCPU/mCPU.srcs/sources_1/new/Extend.v" into library xil_defaultlib
INFO: [VRFC 10-311] analyzing module Extend
INFO: [VRFC 10-2263] Analyzing Verilog file "C:/Users/1/Desktop/mCPU/mCPU.srcs/sources_1/new/InsMem.v" into library xil_defaultlib
INFO: [VRFC 10-311] analyzing module InsMem
INFO: [VRFC 10-2263] Analyzing Verilog file "C:/Users/1/Desktop/mCPU/mCPU.srcs/sources_1/new/LeftShift.v" into library xil_defaultlib
INFO: [VRFC 10-311] analyzing module LeftShift_2
INFO: [VRFC 10-2263] Analyzing Verilog file "C:/Users/1/Desktop/mCPU/mCPU.srcs/sources_1/new/Mux_2.v" into library xil_defaultlib
INFO: [VRFC 10-311] analyzing module Mux_2
INFO: [VRFC 10-2263] Analyzing Verilog file "C:/Users/1/Desktop/mCPU/mCPU.srcs/sources_1/new/Mux_3.v" into library xil_defaultlib
INFO: [VRFC 10-311] analyzing module Mux_3
INFO: [VRFC 10-2263] Analyzing Verilog file "C:/Users/1/Desktop/mCPU/mCPU.srcs/sources_1/new/Mux_4.v" into library xil_defaultlib
INFO: [VRFC 10-311] analyzing module Mux_4
INFO: [VRFC 10-2263] Analyzing Verilog file "C:/Users/1/Desktop/mCPU/mCPU.srcs/sources_1/new/PC.v" into library xil_defaultlib
INFO: [VRFC 10-311] analyzing module PC
INFO: [VRFC 10-2263] Analyzing Verilog file "C:/Users/1/Desktop/mCPU/mCPU.srcs/sources_1/new/RegisterFile.v" into library xil_defaultlib
INFO: [VRFC 10-311] analyzing module RegisterFile
INFO: [VRFC 10-2458] undeclared symbol Reg31, assumed default net type wire [C:/Users/1/Desktop/mCPU/mCPU.srcs/sources_1/new/RegisterFile.v:40]
INFO: [VRFC 10-2263] Analyzing Verilog file "C:/Users/1/Desktop/mCPU/mCPU.srcs/sources_1/new/mCPU.v" into library xil_defaultlib
INFO: [VRFC 10-311] analyzing module mCPU
INFO: [VRFC 10-2263] Analyzing Verilog file "C:/Users/1/Desktop/mCPU/mCPU.srcs/sources_1/new/tempReg.v" into library xil_defaultlib
INFO: [VRFC 10-311] analyzing module tempReg
INFO: [VRFC 10-2263] Analyzing Verilog file "C:/Users/1/Desktop/mCPU/mCPU.srcs/sim_1/new/sim.v" into library xil_defaultlib
INFO: [VRFC 10-311] analyzing module sim
INFO: [VRFC 10-2263] Analyzing Verilog file "C:/Users/1/Desktop/mCPU/mCPU.sim/sim_1/behav/xsim/glbl.v" into library xil_defaultlib
INFO: [VRFC 10-311] analyzing module glbl
INFO: [USF-XSim-69] 'compile' step finished in '1' seconds
INFO: [USF-XSim-3] XSim::Elaborate design
INFO: [USF-XSim-61] Executing 'ELABORATE' step in 'C:/Users/1/Desktop/mCPU/mCPU.sim/sim_1/behav/xsim'
Vivado Simulator 2018.3
Copyright 1986-1999, 2001-2018 Xilinx, Inc. All Rights Reserved.
Running: D:/my_homework/VIVADO/Vivado/2018.3/bin/unwrapped/win64.o/xelab.exe -wto 4cbe17d633e94c7d9673dfb7d43fe684 --incr --debug typical --relax --mt 2 -L xil_defaultlib -L unisims_ver -L unimacro_ver -L secureip --snapshot sim_behav xil_defaultlib.sim xil_defaultlib.glbl -log elaborate.log 
Using 2 slave threads.
Starting static elaboration
WARNING: [VRFC 10-3091] actual bit length 32 differs from formal bit length 3 for port 'currentState' [C:/Users/1/Desktop/mCPU/mCPU.srcs/sim_1/new/sim.v:29]
WARNING: [VRFC 10-3091] actual bit length 5 differs from formal bit length 32 for port 'in1' [C:/Users/1/Desktop/mCPU/mCPU.srcs/sources_1/new/mCPU.v:39]
ERROR: [VRFC 10-2922] 'mCPU' expects 10 arguments [C:/Users/1/Desktop/mCPU/mCPU.srcs/sim_1/new/sim.v:29]
ERROR: [XSIM 43-3322] Static elaboration of top level Verilog design unit(s) in library work failed.
INFO: [USF-XSim-69] 'elaborate' step finished in '2' seconds
INFO: [USF-XSim-99] Step results log file:'C:/Users/1/Desktop/mCPU/mCPU.sim/sim_1/behav/xsim/elaborate.log'
ERROR: [USF-XSim-62] 'elaborate' step failed with error(s). Please check the Tcl console output or 'C:/Users/1/Desktop/mCPU/mCPU.sim/sim_1/behav/xsim/elaborate.log' file for more information.
ERROR: [Vivado 12-4473] Detected error while running simulation. Please correct the issue and retry this operation.
launch_simulation: Time (s): cpu = 00:00:03 ; elapsed = 00:00:05 . Memory (MB): peak = 844.465 ; gain = 0.000
ERROR: [Common 17-39] 'launch_simulation' failed due to earlier errors.
launch_simulation
INFO: [Vivado 12-5682] Launching behavioral simulation in 'C:/Users/1/Desktop/mCPU/mCPU.sim/sim_1/behav/xsim'
INFO: [SIM-utils-51] Simulation object is 'sim_1'
INFO: [SIM-utils-54] Inspecting design source files for 'sim' in fileset 'sim_1'...
INFO: [USF-XSim-97] Finding global include files...
INFO: [USF-XSim-98] Fetching design files from 'sim_1'...
INFO: [USF-XSim-2] XSim::Compile design
INFO: [USF-XSim-61] Executing 'COMPILE and ANALYZE' step in 'C:/Users/1/Desktop/mCPU/mCPU.sim/sim_1/behav/xsim'
"xvlog --incr --relax -prj sim_vlog.prj"
INFO: [VRFC 10-2263] Analyzing Verilog file "C:/Users/1/Desktop/mCPU/mCPU.srcs/sources_1/new/ALU.v" into library xil_defaultlib
INFO: [VRFC 10-311] analyzing module ALU
INFO: [VRFC 10-2263] Analyzing Verilog file "C:/Users/1/Desktop/mCPU/mCPU.srcs/sources_1/new/Adder.v" into library xil_defaultlib
INFO: [VRFC 10-311] analyzing module Adder
INFO: [VRFC 10-2263] Analyzing Verilog file "C:/Users/1/Desktop/mCPU/mCPU.srcs/sources_1/new/ControlUnit.v" into library xil_defaultlib
INFO: [VRFC 10-311] analyzing module ControlUnit
INFO: [VRFC 10-2263] Analyzing Verilog file "C:/Users/1/Desktop/mCPU/mCPU.srcs/sources_1/new/DataMem.v" into library xil_defaultlib
INFO: [VRFC 10-311] analyzing module DataMem
INFO: [VRFC 10-2263] Analyzing Verilog file "C:/Users/1/Desktop/mCPU/mCPU.srcs/sources_1/new/Extend.v" into library xil_defaultlib
INFO: [VRFC 10-311] analyzing module Extend
INFO: [VRFC 10-2263] Analyzing Verilog file "C:/Users/1/Desktop/mCPU/mCPU.srcs/sources_1/new/InsMem.v" into library xil_defaultlib
INFO: [VRFC 10-311] analyzing module InsMem
INFO: [VRFC 10-2263] Analyzing Verilog file "C:/Users/1/Desktop/mCPU/mCPU.srcs/sources_1/new/LeftShift.v" into library xil_defaultlib
INFO: [VRFC 10-311] analyzing module LeftShift_2
INFO: [VRFC 10-2263] Analyzing Verilog file "C:/Users/1/Desktop/mCPU/mCPU.srcs/sources_1/new/Mux_2.v" into library xil_defaultlib
INFO: [VRFC 10-311] analyzing module Mux_2
INFO: [VRFC 10-2263] Analyzing Verilog file "C:/Users/1/Desktop/mCPU/mCPU.srcs/sources_1/new/Mux_3.v" into library xil_defaultlib
INFO: [VRFC 10-311] analyzing module Mux_3
INFO: [VRFC 10-2263] Analyzing Verilog file "C:/Users/1/Desktop/mCPU/mCPU.srcs/sources_1/new/Mux_4.v" into library xil_defaultlib
INFO: [VRFC 10-311] analyzing module Mux_4
INFO: [VRFC 10-2263] Analyzing Verilog file "C:/Users/1/Desktop/mCPU/mCPU.srcs/sources_1/new/PC.v" into library xil_defaultlib
INFO: [VRFC 10-311] analyzing module PC
INFO: [VRFC 10-2263] Analyzing Verilog file "C:/Users/1/Desktop/mCPU/mCPU.srcs/sources_1/new/RegisterFile.v" into library xil_defaultlib
INFO: [VRFC 10-311] analyzing module RegisterFile
INFO: [VRFC 10-2458] undeclared symbol Reg31, assumed default net type wire [C:/Users/1/Desktop/mCPU/mCPU.srcs/sources_1/new/RegisterFile.v:40]
INFO: [VRFC 10-2263] Analyzing Verilog file "C:/Users/1/Desktop/mCPU/mCPU.srcs/sources_1/new/mCPU.v" into library xil_defaultlib
INFO: [VRFC 10-311] analyzing module mCPU
INFO: [VRFC 10-2263] Analyzing Verilog file "C:/Users/1/Desktop/mCPU/mCPU.srcs/sources_1/new/tempReg.v" into library xil_defaultlib
INFO: [VRFC 10-311] analyzing module tempReg
INFO: [VRFC 10-2263] Analyzing Verilog file "C:/Users/1/Desktop/mCPU/mCPU.srcs/sim_1/new/sim.v" into library xil_defaultlib
INFO: [VRFC 10-311] analyzing module sim
INFO: [USF-XSim-69] 'compile' step finished in '2' seconds
INFO: [USF-XSim-3] XSim::Elaborate design
INFO: [USF-XSim-61] Executing 'ELABORATE' step in 'C:/Users/1/Desktop/mCPU/mCPU.sim/sim_1/behav/xsim'
Vivado Simulator 2018.3
Copyright 1986-1999, 2001-2018 Xilinx, Inc. All Rights Reserved.
Running: D:/my_homework/VIVADO/Vivado/2018.3/bin/unwrapped/win64.o/xelab.exe -wto 4cbe17d633e94c7d9673dfb7d43fe684 --incr --debug typical --relax --mt 2 -L xil_defaultlib -L unisims_ver -L unimacro_ver -L secureip --snapshot sim_behav xil_defaultlib.sim xil_defaultlib.glbl -log elaborate.log 
Using 2 slave threads.
Starting static elaboration
WARNING: [VRFC 10-3091] actual bit length 32 differs from formal bit length 3 for port 'currentState' [C:/Users/1/Desktop/mCPU/mCPU.srcs/sim_1/new/sim.v:29]
WARNING: [VRFC 10-3091] actual bit length 5 differs from formal bit length 32 for port 'in1' [C:/Users/1/Desktop/mCPU/mCPU.srcs/sources_1/new/mCPU.v:39]
ERROR: [VRFC 10-2922] 'mCPU' expects 10 arguments [C:/Users/1/Desktop/mCPU/mCPU.srcs/sim_1/new/sim.v:29]
ERROR: [XSIM 43-3322] Static elaboration of top level Verilog design unit(s) in library work failed.
INFO: [USF-XSim-69] 'elaborate' step finished in '2' seconds
INFO: [USF-XSim-99] Step results log file:'C:/Users/1/Desktop/mCPU/mCPU.sim/sim_1/behav/xsim/elaborate.log'
ERROR: [USF-XSim-62] 'elaborate' step failed with error(s). Please check the Tcl console output or 'C:/Users/1/Desktop/mCPU/mCPU.sim/sim_1/behav/xsim/elaborate.log' file for more information.
ERROR: [Vivado 12-4473] Detected error while running simulation. Please correct the issue and retry this operation.
ERROR: [Common 17-39] 'launch_simulation' failed due to earlier errors.
launch_simulation
INFO: [Vivado 12-5682] Launching behavioral simulation in 'C:/Users/1/Desktop/mCPU/mCPU.sim/sim_1/behav/xsim'
INFO: [SIM-utils-51] Simulation object is 'sim_1'
INFO: [SIM-utils-54] Inspecting design source files for 'sim' in fileset 'sim_1'...
INFO: [USF-XSim-97] Finding global include files...
INFO: [USF-XSim-98] Fetching design files from 'sim_1'...
INFO: [USF-XSim-2] XSim::Compile design
INFO: [USF-XSim-61] Executing 'COMPILE and ANALYZE' step in 'C:/Users/1/Desktop/mCPU/mCPU.sim/sim_1/behav/xsim'
"xvlog --incr --relax -prj sim_vlog.prj"
INFO: [VRFC 10-2263] Analyzing Verilog file "C:/Users/1/Desktop/mCPU/mCPU.srcs/sources_1/new/ALU.v" into library xil_defaultlib
INFO: [VRFC 10-311] analyzing module ALU
INFO: [VRFC 10-2263] Analyzing Verilog file "C:/Users/1/Desktop/mCPU/mCPU.srcs/sources_1/new/Adder.v" into library xil_defaultlib
INFO: [VRFC 10-311] analyzing module Adder
INFO: [VRFC 10-2263] Analyzing Verilog file "C:/Users/1/Desktop/mCPU/mCPU.srcs/sources_1/new/ControlUnit.v" into library xil_defaultlib
INFO: [VRFC 10-311] analyzing module ControlUnit
INFO: [VRFC 10-2263] Analyzing Verilog file "C:/Users/1/Desktop/mCPU/mCPU.srcs/sources_1/new/DataMem.v" into library xil_defaultlib
INFO: [VRFC 10-311] analyzing module DataMem
INFO: [VRFC 10-2263] Analyzing Verilog file "C:/Users/1/Desktop/mCPU/mCPU.srcs/sources_1/new/Extend.v" into library xil_defaultlib
INFO: [VRFC 10-311] analyzing module Extend
INFO: [VRFC 10-2263] Analyzing Verilog file "C:/Users/1/Desktop/mCPU/mCPU.srcs/sources_1/new/InsMem.v" into library xil_defaultlib
INFO: [VRFC 10-311] analyzing module InsMem
INFO: [VRFC 10-2263] Analyzing Verilog file "C:/Users/1/Desktop/mCPU/mCPU.srcs/sources_1/new/LeftShift.v" into library xil_defaultlib
INFO: [VRFC 10-311] analyzing module LeftShift_2
INFO: [VRFC 10-2263] Analyzing Verilog file "C:/Users/1/Desktop/mCPU/mCPU.srcs/sources_1/new/Mux_2.v" into library xil_defaultlib
INFO: [VRFC 10-311] analyzing module Mux_2
INFO: [VRFC 10-2263] Analyzing Verilog file "C:/Users/1/Desktop/mCPU/mCPU.srcs/sources_1/new/Mux_3.v" into library xil_defaultlib
INFO: [VRFC 10-311] analyzing module Mux_3
INFO: [VRFC 10-2263] Analyzing Verilog file "C:/Users/1/Desktop/mCPU/mCPU.srcs/sources_1/new/Mux_4.v" into library xil_defaultlib
INFO: [VRFC 10-311] analyzing module Mux_4
INFO: [VRFC 10-2263] Analyzing Verilog file "C:/Users/1/Desktop/mCPU/mCPU.srcs/sources_1/new/PC.v" into library xil_defaultlib
INFO: [VRFC 10-311] analyzing module PC
INFO: [VRFC 10-2263] Analyzing Verilog file "C:/Users/1/Desktop/mCPU/mCPU.srcs/sources_1/new/RegisterFile.v" into library xil_defaultlib
INFO: [VRFC 10-311] analyzing module RegisterFile
INFO: [VRFC 10-2458] undeclared symbol Reg31, assumed default net type wire [C:/Users/1/Desktop/mCPU/mCPU.srcs/sources_1/new/RegisterFile.v:40]
INFO: [VRFC 10-2263] Analyzing Verilog file "C:/Users/1/Desktop/mCPU/mCPU.srcs/sources_1/new/mCPU.v" into library xil_defaultlib
INFO: [VRFC 10-311] analyzing module mCPU
INFO: [VRFC 10-2263] Analyzing Verilog file "C:/Users/1/Desktop/mCPU/mCPU.srcs/sources_1/new/tempReg.v" into library xil_defaultlib
INFO: [VRFC 10-311] analyzing module tempReg
INFO: [VRFC 10-2263] Analyzing Verilog file "C:/Users/1/Desktop/mCPU/mCPU.srcs/sim_1/new/sim.v" into library xil_defaultlib
INFO: [VRFC 10-311] analyzing module sim
INFO: [USF-XSim-69] 'compile' step finished in '2' seconds
INFO: [USF-XSim-3] XSim::Elaborate design
INFO: [USF-XSim-61] Executing 'ELABORATE' step in 'C:/Users/1/Desktop/mCPU/mCPU.sim/sim_1/behav/xsim'
Vivado Simulator 2018.3
Copyright 1986-1999, 2001-2018 Xilinx, Inc. All Rights Reserved.
Running: D:/my_homework/VIVADO/Vivado/2018.3/bin/unwrapped/win64.o/xelab.exe -wto 4cbe17d633e94c7d9673dfb7d43fe684 --incr --debug typical --relax --mt 2 -L xil_defaultlib -L unisims_ver -L unimacro_ver -L secureip --snapshot sim_behav xil_defaultlib.sim xil_defaultlib.glbl -log elaborate.log 
Using 2 slave threads.
Starting static elaboration
WARNING: [VRFC 10-3091] actual bit length 32 differs from formal bit length 3 for port 'currentState' [C:/Users/1/Desktop/mCPU/mCPU.srcs/sim_1/new/sim.v:29]
WARNING: [VRFC 10-3091] actual bit length 5 differs from formal bit length 32 for port 'in1' [C:/Users/1/Desktop/mCPU/mCPU.srcs/sources_1/new/mCPU.v:39]
ERROR: [VRFC 10-2922] 'mCPU' expects 10 arguments [C:/Users/1/Desktop/mCPU/mCPU.srcs/sim_1/new/sim.v:29]
ERROR: [XSIM 43-3322] Static elaboration of top level Verilog design unit(s) in library work failed.
INFO: [USF-XSim-69] 'elaborate' step finished in '2' seconds
INFO: [USF-XSim-99] Step results log file:'C:/Users/1/Desktop/mCPU/mCPU.sim/sim_1/behav/xsim/elaborate.log'
ERROR: [USF-XSim-62] 'elaborate' step failed with error(s). Please check the Tcl console output or 'C:/Users/1/Desktop/mCPU/mCPU.sim/sim_1/behav/xsim/elaborate.log' file for more information.
ERROR: [Vivado 12-4473] Detected error while running simulation. Please correct the issue and retry this operation.
ERROR: [Common 17-39] 'launch_simulation' failed due to earlier errors.
reset_run synth_1
launch_runs synth_1 -jobs 4
[Wed Dec 18 20:00:40 2019] Launched synth_1...
Run output will be captured here: C:/Users/1/Desktop/mCPU/mCPU.runs/synth_1/runme.log
launch_runs impl_1 -jobs 4
[Wed Dec 18 20:02:51 2019] Launched impl_1...
Run output will be captured here: C:/Users/1/Desktop/mCPU/mCPU.runs/impl_1/runme.log
launch_simulation
INFO: [Vivado 12-5682] Launching behavioral simulation in 'C:/Users/1/Desktop/mCPU/mCPU.sim/sim_1/behav/xsim'
INFO: [SIM-utils-51] Simulation object is 'sim_1'
INFO: [SIM-utils-54] Inspecting design source files for 'sim' in fileset 'sim_1'...
INFO: [USF-XSim-97] Finding global include files...
INFO: [USF-XSim-98] Fetching design files from 'sim_1'...
INFO: [USF-XSim-2] XSim::Compile design
INFO: [USF-XSim-61] Executing 'COMPILE and ANALYZE' step in 'C:/Users/1/Desktop/mCPU/mCPU.sim/sim_1/behav/xsim'
"xvlog --incr --relax -prj sim_vlog.prj"
INFO: [USF-XSim-69] 'compile' step finished in '2' seconds
INFO: [USF-XSim-3] XSim::Elaborate design
INFO: [USF-XSim-61] Executing 'ELABORATE' step in 'C:/Users/1/Desktop/mCPU/mCPU.sim/sim_1/behav/xsim'
Vivado Simulator 2018.3
Copyright 1986-1999, 2001-2018 Xilinx, Inc. All Rights Reserved.
Running: D:/my_homework/VIVADO/Vivado/2018.3/bin/unwrapped/win64.o/xelab.exe -wto 4cbe17d633e94c7d9673dfb7d43fe684 --incr --debug typical --relax --mt 2 -L xil_defaultlib -L unisims_ver -L unimacro_ver -L secureip --snapshot sim_behav xil_defaultlib.sim xil_defaultlib.glbl -log elaborate.log 
Using 2 slave threads.
Starting static elaboration
WARNING: [VRFC 10-3091] actual bit length 32 differs from formal bit length 3 for port 'currentState' [C:/Users/1/Desktop/mCPU/mCPU.srcs/sim_1/new/sim.v:29]
WARNING: [VRFC 10-3091] actual bit length 5 differs from formal bit length 32 for port 'in1' [C:/Users/1/Desktop/mCPU/mCPU.srcs/sources_1/new/mCPU.v:39]
ERROR: [VRFC 10-2922] 'mCPU' expects 10 arguments [C:/Users/1/Desktop/mCPU/mCPU.srcs/sim_1/new/sim.v:29]
ERROR: [XSIM 43-3322] Static elaboration of top level Verilog design unit(s) in library work failed.
INFO: [USF-XSim-69] 'elaborate' step finished in '2' seconds
INFO: [USF-XSim-99] Step results log file:'C:/Users/1/Desktop/mCPU/mCPU.sim/sim_1/behav/xsim/elaborate.log'
ERROR: [USF-XSim-62] 'elaborate' step failed with error(s). Please check the Tcl console output or 'C:/Users/1/Desktop/mCPU/mCPU.sim/sim_1/behav/xsim/elaborate.log' file for more information.
ERROR: [Vivado 12-4473] Detected error while running simulation. Please correct the issue and retry this operation.
ERROR: [Common 17-39] 'launch_simulation' failed due to earlier errors.
move_files -fileset sim_1 [get_files  C:/Users/1/Desktop/mCPU/mCPU.srcs/sources_1/new/Hard_CPU.v]
update_compile_order -fileset sim_1
update_compile_order -fileset sources_1
move_files [get_files  C:/Users/1/Desktop/mCPU/mCPU.srcs/sources_1/new/Hard_CPU.v]
update_compile_order -fileset sources_1
set_property is_global_include true [get_files  C:/Users/1/Desktop/mCPU/mCPU.srcs/sources_1/new/Hard_CPU.v]
update_compile_order -fileset sources_1
undo
INFO: [Common 17-17] undo 'set_property is_global_include true [get_files  C:/Users/1/Desktop/mCPU/mCPU.srcs/sources_1/new/Hard_CPU.v]'
launch_simulation
INFO: [Vivado 12-5682] Launching behavioral simulation in 'C:/Users/1/Desktop/mCPU/mCPU.sim/sim_1/behav/xsim'
INFO: [SIM-utils-51] Simulation object is 'sim_1'
INFO: [SIM-utils-54] Inspecting design source files for 'sim' in fileset 'sim_1'...
INFO: [USF-XSim-97] Finding global include files...
INFO: [USF-XSim-98] Fetching design files from 'sim_1'...
INFO: [USF-XSim-2] XSim::Compile design
INFO: [USF-XSim-61] Executing 'COMPILE and ANALYZE' step in 'C:/Users/1/Desktop/mCPU/mCPU.sim/sim_1/behav/xsim'
"xvlog --incr --relax -prj sim_vlog.prj"
INFO: [VRFC 10-2263] Analyzing Verilog file "C:/Users/1/Desktop/mCPU/mCPU.srcs/sources_1/new/ALU.v" into library xil_defaultlib
INFO: [VRFC 10-311] analyzing module ALU
INFO: [VRFC 10-2263] Analyzing Verilog file "C:/Users/1/Desktop/mCPU/mCPU.srcs/sources_1/new/Adder.v" into library xil_defaultlib
INFO: [VRFC 10-311] analyzing module Adder
INFO: [VRFC 10-2263] Analyzing Verilog file "C:/Users/1/Desktop/mCPU/mCPU.srcs/sources_1/new/ControlUnit.v" into library xil_defaultlib
INFO: [VRFC 10-311] analyzing module ControlUnit
INFO: [VRFC 10-2263] Analyzing Verilog file "C:/Users/1/Desktop/mCPU/mCPU.srcs/sources_1/new/DataMem.v" into library xil_defaultlib
INFO: [VRFC 10-311] analyzing module DataMem
INFO: [VRFC 10-2263] Analyzing Verilog file "C:/Users/1/Desktop/mCPU/mCPU.srcs/sources_1/new/Extend.v" into library xil_defaultlib
INFO: [VRFC 10-311] analyzing module Extend
INFO: [VRFC 10-2263] Analyzing Verilog file "C:/Users/1/Desktop/mCPU/mCPU.srcs/sources_1/new/InsMem.v" into library xil_defaultlib
INFO: [VRFC 10-311] analyzing module InsMem
INFO: [VRFC 10-2263] Analyzing Verilog file "C:/Users/1/Desktop/mCPU/mCPU.srcs/sources_1/new/LeftShift.v" into library xil_defaultlib
INFO: [VRFC 10-311] analyzing module LeftShift_2
INFO: [VRFC 10-2263] Analyzing Verilog file "C:/Users/1/Desktop/mCPU/mCPU.srcs/sources_1/new/Mux_2.v" into library xil_defaultlib
INFO: [VRFC 10-311] analyzing module Mux_2
INFO: [VRFC 10-2263] Analyzing Verilog file "C:/Users/1/Desktop/mCPU/mCPU.srcs/sources_1/new/Mux_3.v" into library xil_defaultlib
INFO: [VRFC 10-311] analyzing module Mux_3
INFO: [VRFC 10-2263] Analyzing Verilog file "C:/Users/1/Desktop/mCPU/mCPU.srcs/sources_1/new/Mux_4.v" into library xil_defaultlib
INFO: [VRFC 10-311] analyzing module Mux_4
INFO: [VRFC 10-2263] Analyzing Verilog file "C:/Users/1/Desktop/mCPU/mCPU.srcs/sources_1/new/PC.v" into library xil_defaultlib
INFO: [VRFC 10-311] analyzing module PC
INFO: [VRFC 10-2263] Analyzing Verilog file "C:/Users/1/Desktop/mCPU/mCPU.srcs/sources_1/new/RegisterFile.v" into library xil_defaultlib
INFO: [VRFC 10-311] analyzing module RegisterFile
INFO: [VRFC 10-2263] Analyzing Verilog file "C:/Users/1/Desktop/mCPU/mCPU.srcs/sources_1/new/mCPU.v" into library xil_defaultlib
INFO: [VRFC 10-311] analyzing module mCPU
INFO: [VRFC 10-2263] Analyzing Verilog file "C:/Users/1/Desktop/mCPU/mCPU.srcs/sources_1/new/tempReg.v" into library xil_defaultlib
INFO: [VRFC 10-311] analyzing module tempReg
INFO: [VRFC 10-2263] Analyzing Verilog file "C:/Users/1/Desktop/mCPU/mCPU.srcs/sim_1/new/sim.v" into library xil_defaultlib
INFO: [VRFC 10-311] analyzing module sim
INFO: [USF-XSim-69] 'compile' step finished in '2' seconds
INFO: [USF-XSim-3] XSim::Elaborate design
INFO: [USF-XSim-61] Executing 'ELABORATE' step in 'C:/Users/1/Desktop/mCPU/mCPU.sim/sim_1/behav/xsim'
Vivado Simulator 2018.3
Copyright 1986-1999, 2001-2018 Xilinx, Inc. All Rights Reserved.
Running: D:/my_homework/VIVADO/Vivado/2018.3/bin/unwrapped/win64.o/xelab.exe -wto 4cbe17d633e94c7d9673dfb7d43fe684 --incr --debug typical --relax --mt 2 -L xil_defaultlib -L unisims_ver -L unimacro_ver -L secureip --snapshot sim_behav xil_defaultlib.sim xil_defaultlib.glbl -log elaborate.log 
Using 2 slave threads.
Starting static elaboration
WARNING: [VRFC 10-3091] actual bit length 5 differs from formal bit length 32 for port 'in1' [C:/Users/1/Desktop/mCPU/mCPU.srcs/sources_1/new/mCPU.v:39]
Completed static elaboration
Starting simulation data flow analysis
Completed simulation data flow analysis
Time Resolution for simulation is 1ps
Compiling module xil_defaultlib.PC
Compiling module xil_defaultlib.InsMem
Compiling module xil_defaultlib.tempReg
Compiling module xil_defaultlib.Adder
Compiling module xil_defaultlib.Mux_3
Compiling module xil_defaultlib.Mux_2
Compiling module xil_defaultlib.RegisterFile
Compiling module xil_defaultlib.Extend
Compiling module xil_defaultlib.ALU
Compiling module xil_defaultlib.DataMem
Compiling module xil_defaultlib.LeftShift_2
Compiling module xil_defaultlib.Mux_4
Compiling module xil_defaultlib.ControlUnit
Compiling module xil_defaultlib.mCPU
Compiling module xil_defaultlib.sim
Compiling module xil_defaultlib.glbl
Built simulation snapshot sim_behav

****** Webtalk v2018.3 (64-bit)
  **** SW Build 2405991 on Thu Dec  6 23:38:27 MST 2018
  **** IP Build 2404404 on Fri Dec  7 01:43:56 MST 2018
    ** Copyright 1986-2018 Xilinx, Inc. All Rights Reserved.

source C:/Users/1/Desktop/mCPU/mCPU.sim/sim_1/behav/xsim/xsim.dir/sim_behav/webtalk/xsim_webtalk.tcl -notrace
INFO: [Common 17-186] 'C:/Users/1/Desktop/mCPU/mCPU.sim/sim_1/behav/xsim/xsim.dir/sim_behav/webtalk/usage_statistics_ext_xsim.xml' has been successfully sent to Xilinx on Thu Dec 19 11:57:59 2019. For additional details about this file, please refer to the WebTalk help file at D:/my_homework/VIVADO/Vivado/2018.3/doc/webtalk_introduction.html.
INFO: [Common 17-206] Exiting Webtalk at Thu Dec 19 11:57:59 2019...
run_program: Time (s): cpu = 00:00:01 ; elapsed = 00:00:08 . Memory (MB): peak = 929.762 ; gain = 0.000
INFO: [USF-XSim-69] 'elaborate' step finished in '8' seconds
INFO: [USF-XSim-4] XSim::Simulate design
INFO: [USF-XSim-61] Executing 'SIMULATE' step in 'C:/Users/1/Desktop/mCPU/mCPU.sim/sim_1/behav/xsim'
INFO: [USF-XSim-98] *** Running xsim
   with args "sim_behav -key {Behavioral:sim_1:Functional:sim} -tclbatch {sim.tcl} -log {simulate.log}"
INFO: [USF-XSim-8] Loading simulator feature
Vivado Simulator 2018.3
Time resolution is 1 ps
source sim.tcl
# set curr_wave [current_wave_config]
# if { [string length $curr_wave] == 0 } {
#   if { [llength [get_objects]] > 0} {
#     add_wave /
#     set_property needs_save false [current_wave_config]
#   } else {
#      send_msg_id Add_Wave-1 WARNING "No top level signals found. Simulator will start without a wave window. If you want to open a wave window go to 'File->New Waveform Configuration' or type 'create_wave_config' in the TCL console."
#   }
# }
# run 13000ns
INFO: [USF-XSim-96] XSim completed. Design snapshot 'sim_behav' loaded.
INFO: [USF-XSim-97] XSim simulation ran for 13000ns
launch_simulation: Time (s): cpu = 00:00:06 ; elapsed = 00:00:15 . Memory (MB): peak = 954.828 ; gain = 25.066
close_sim
INFO: [Simtcl 6-16] Simulation closed
close_sim: Time (s): cpu = 00:00:01 ; elapsed = 00:00:06 . Memory (MB): peak = 962.711 ; gain = 0.000
exit
INFO: [Common 17-206] Exiting Vivado at Thu Dec 19 22:33:52 2019...
