INFO: [VRFC 10-2263] Analyzing Verilog file "C:/Users/1/Desktop/mCPU/mCPU.srcs/sources_1/new/ALU.v" into library xil_defaultlib
INFO: [VRFC 10-311] analyzing module ALU
INFO: [VRFC 10-2263] Analyzing Verilog file "C:/Users/1/Desktop/mCPU/mCPU.srcs/sources_1/new/Adder.v" into library xil_defaultlib
INFO: [VRFC 10-311] analyzing module Adder
INFO: [VRFC 10-2263] Analyzing Verilog file "C:/Users/1/Desktop/mCPU/mCPU.srcs/sources_1/new/ControlUnit.v" into library xil_defaultlib
INFO: [VRFC 10-311] analyzing module ControlUnit
INFO: [VRFC 10-2263] Analyzing Verilog file "C:/Users/1/Desktop/mCPU/mCPU.srcs/sources_1/new/DataMem.v" into library xil_defaultlib
INFO: [VRFC 10-311] analyzing module DataMem
INFO: [VRFC 10-2263] Analyzing Verilog file "C:/Users/1/Desktop/mCPU/mCPU.srcs/sources_1/new/Extend.v" into library xil_defaultlib
INFO: [VRFC 10-311] analyzing module Extend
INFO: [VRFC 10-2263] Analyzing Verilog file "C:/Users/1/Desktop/mCPU/mCPU.srcs/sources_1/new/InsMem.v" into library xil_defaultlib
INFO: [VRFC 10-311] analyzing module InsMem
INFO: [VRFC 10-2263] Analyzing Verilog file "C:/Users/1/Desktop/mCPU/mCPU.srcs/sources_1/new/LeftShift.v" into library xil_defaultlib
INFO: [VRFC 10-311] analyzing module LeftShift_2
INFO: [VRFC 10-2263] Analyzing Verilog file "C:/Users/1/Desktop/mCPU/mCPU.srcs/sources_1/new/Mux_2.v" into library xil_defaultlib
INFO: [VRFC 10-311] analyzing module Mux_2
INFO: [VRFC 10-2263] Analyzing Verilog file "C:/Users/1/Desktop/mCPU/mCPU.srcs/sources_1/new/Mux_3.v" into library xil_defaultlib
INFO: [VRFC 10-311] analyzing module Mux_3
INFO: [VRFC 10-2263] Analyzing Verilog file "C:/Users/1/Desktop/mCPU/mCPU.srcs/sources_1/new/Mux_4.v" into library xil_defaultlib
INFO: [VRFC 10-311] analyzing module Mux_4
INFO: [VRFC 10-2263] Analyzing Verilog file "C:/Users/1/Desktop/mCPU/mCPU.srcs/sources_1/new/PC.v" into library xil_defaultlib
INFO: [VRFC 10-311] analyzing module PC
INFO: [VRFC 10-2263] Analyzing Verilog file "C:/Users/1/Desktop/mCPU/mCPU.srcs/sources_1/new/RegisterFile.v" into library xil_defaultlib
INFO: [VRFC 10-311] analyzing module RegisterFile
INFO: [VRFC 10-2263] Analyzing Verilog file "C:/Users/1/Desktop/mCPU/mCPU.srcs/sources_1/new/mCPU.v" into library xil_defaultlib
INFO: [VRFC 10-311] analyzing module mCPU
INFO: [VRFC 10-2263] Analyzing Verilog file "C:/Users/1/Desktop/mCPU/mCPU.srcs/sources_1/new/tempReg.v" into library xil_defaultlib
INFO: [VRFC 10-311] analyzing module tempReg
INFO: [VRFC 10-2263] Analyzing Verilog file "C:/Users/1/Desktop/mCPU/mCPU.srcs/sim_1/new/sim.v" into library xil_defaultlib
INFO: [VRFC 10-311] analyzing module sim
